<?xml version="1.0" encoding="UTF-8"?>
<!-- Generated by org.testng.reporters.JUnitReportReporter -->
<testsuite hostname="DESKTOP-KT6A136" failures="0" tests="1" name="Gmail.compose.LoginPageTest" time="0.011" errors="0" timestamp="08 Sep 2021 13:26:32 GMT" skipped="0">
  <testcase classname="Gmail.compose.LoginPageTest" name="as" time="0.011"/>
</testsuite> <!-- Gmail.compose.LoginPageTest -->
